Build started 11/11/2017 9:32:02 PM.
     1>Project "C:\Users\Gabriela\documents\visual studio 2013\Projects\ConsoleApplication10\ConsoleApplication10\ConsoleApplication10.vcxproj" on node 2 (Build target(s)).
     1>ClCompile:
         C:\Program Files (x86)\Microsoft Visual Studio 12.0\VC\bin\CL.exe /c /ZI /nologo /W3 /WX- /sdl /Od /Oy- /D WIN32 /D _DEBUG /D _CONSOLE /D _LIB /D _UNICODE /D UNICODE /Gm /EHsc /RTC1 /MDd /GS /fp:precise /Zc:wchar_t /Zc:forScope /Fo"Debug\\" /Fd"Debug\vc120.pdb" /Gd /TP /analyze- /errorReport:prompt Browser.cpp DoublyLinkedList.cpp Iterator.cpp Test.cpp
         Browser.cpp
         Generating Code...
         Compiling...
         Test.cpp
         DoublyLinkedList.cpp
         Generating Code...
         Skipping... (no relevant changes detected)
         Iterator.cpp
       Link:
         C:\Program Files (x86)\Microsoft Visual Studio 12.0\VC\bin\link.exe /ERRORREPORT:PROMPT /OUT:"C:\Users\Gabriela\documents\visual studio 2013\Projects\ConsoleApplication10\Debug\ConsoleApplication10.exe" /INCREMENTAL /NOLOGO kernel32.lib user32.lib gdi32.lib winspool.lib comdlg32.lib advapi32.lib shell32.lib ole32.lib oleaut32.lib uuid.lib odbc32.lib odbccp32.lib /MANIFEST /MANIFESTUAC:"level='asInvoker' uiAccess='false'" /manifest:embed /DEBUG /PDB:"C:\Users\Gabriela\documents\visual studio 2013\Projects\ConsoleApplication10\Debug\ConsoleApplication10.pdb" /SUBSYSTEM:CONSOLE /TLBID:1 /DYNAMICBASE /NXCOMPAT /IMPLIB:"C:\Users\Gabriela\documents\visual studio 2013\Projects\ConsoleApplication10\Debug\ConsoleApplication10.lib" /MACHINE:X86 Debug\Browser.obj
         Debug\DoublyLinkedList.obj
         Debug\Iterator.obj
         Debug\Node.obj
         Debug\Tab.obj
         Debug\Test.obj
         ConsoleApplication10.vcxproj -> C:\Users\Gabriela\documents\visual studio 2013\Projects\ConsoleApplication10\Debug\ConsoleApplication10.exe
     1>Done Building Project "C:\Users\Gabriela\documents\visual studio 2013\Projects\ConsoleApplication10\ConsoleApplication10\ConsoleApplication10.vcxproj" (Build target(s)).

Build succeeded.

Time Elapsed 00:00:02.85
